<?xml version="1.0" encoding="UTF-8"?>
<!-- Generated by org.testng.reporters.JUnitReportReporter -->
<testsuite hostname="DESKTOP-8D94ARJ" failures="0" tests="1" name="Test.TestNG_googleSearch" time="11.390" errors="0" timestamp="2020-03-30T15:08:56 IDT" skipped="0">
  <testcase classname="Test.TestNG_googleSearch" name="googleSearch" time="11.390"/>
  <system-out/>
</testsuite> <!-- Test.TestNG_googleSearch -->
