<?xml version="1.0" encoding="UTF-8"?>
<!-- Generated by org.testng.reporters.JUnitReportReporter -->
<testsuite hostname="DESKTOP-8D94ARJ" failures="0" tests="1" name="Test.ExtentReportsWithSpecialClass" time="10.047" errors="0" timestamp="2020-04-02T17:54:24 IDT" skipped="0">
  <testcase classname="Test.ExtentReportsWithSpecialClass" name="test1" time="10.047"/>
  <system-out/>
</testsuite> <!-- Test.ExtentReportsWithSpecialClass -->
