<?xml version="1.0" encoding="UTF-8"?>
<!-- Generated by org.testng.reporters.JUnitReportReporter -->
<testsuite hostname="DESKTOP-8D94ARJ" failures="0" tests="2" name="Test.ExtentReportsDemoWithTestNG" time="35.410" errors="0" timestamp="2020-04-14T16:07:35 IDT" skipped="0">
  <testcase classname="Test.ExtentReportsDemoWithTestNG" name="test1" time="34.883"/>
  <system-out/>
  <testcase classname="Test.ExtentReportsDemoWithTestNG" name="test2" time="0.527"/>
  <system-out/>
</testsuite> <!-- Test.ExtentReportsDemoWithTestNG -->
